[17May2025 00:00:45.945] [Server thread/INFO] [net.minecraft.server.MinecraftServer/]: [Not Secure] <Jhonxd592> [x:1104, y:68, z:2143, dim:minecraft:overworld]
[17May2025 00:01:33.285] [Server thread/INFO] [net.minecraft.server.MinecraftServer/]: [Not Secure] <Jhonxd592> [x:1095, y:68, z:2137, dim:minecraft:overworld]
[17May2025 00:05:00.934] [Server thread/WARN] [tombstone/]: The death event of the player ALEss0312 was canceled by another mod
[17May2025 00:05:00.936] [Server thread/INFO] [tombstone/]: The player ALEss0312 has successfully been saved
[17May2025 00:05:02.085] [Server thread/INFO] [net.minecraft.server.MinecraftServer/]: ALEss0312 was slain by Jhonxd592
[17May2025 00:05:02.087] [Server thread/INFO] [com.tiviacz.travelersbackpack.TravelersBackpack/]: Created new backpack backup file for ALEss0312 with unique ID travelersbackpack.melon_17.05.2025-00.05.02.dat
[17May2025 00:05:02.091] [Server thread/INFO] [tombstone/]: The player ALEss0312 has successfully been saved
[17May2025 00:12:58.520] [Worker-Main-2/ERROR] [net.minecraft.world.entity.decoration.HangingEntity/]: Hanging entity at invalid position: BlockPos{x=12, y=-28, z=3}
[17May2025 00:12:58.521] [Worker-Main-2/ERROR] [net.minecraft.world.entity.decoration.HangingEntity/]: Hanging entity at invalid position: BlockPos{x=8, y=-28, z=3}
[17May2025 00:14:31.334] [Server thread/WARN] [tombstone/]: The death event of the player ALEss0312 was canceled by another mod
[17May2025 00:14:31.336] [Server thread/INFO] [tombstone/]: The player ALEss0312 has successfully been saved
[17May2025 00:15:09.286] [Server thread/INFO] [net.minecraft.server.MinecraftServer/]: ALEss0312 went up in flames
[17May2025 00:15:09.289] [Server thread/INFO] [com.tiviacz.travelersbackpack.TravelersBackpack/]: Created new backpack backup file for ALEss0312 with unique ID travelersbackpack.gold_17.05.2025-00.15.09.dat
[17May2025 00:15:09.291] [Server thread/INFO] [tombstone/]: The player ALEss0312 has successfully been saved
[17May2025 00:15:50.285] [Server thread/INFO] [net.minecraft.server.MinecraftServer/]: [Not Secure] <Jhonxd592> [x:1009, y:68, z:2287, dim:minecraft:overworld]
[17May2025 00:19:32.592] [Server thread/WARN] [net.minecraft.server.network.ServerGamePacketListenerImpl/]: ALEss0312 moved wrongly!
[17May2025 00:19:43.578] [Server thread/INFO] [com.esm.nightmare.MobBehavs.SpawnRideableMob/]: ESM - Init Rideable EntityEntity_Type and Jockey Lists...
[17May2025 00:19:43.578] [Server thread/INFO] [com.esm.nightmare.MobBehavs.SpawnRideableMob/]: Spawning Jockey at: BlockPos{x=993, y=31, z=2257}
[17May2025 00:19:43.578] [Server thread/INFO] [com.esm.nightmare.MobBehavs.SpawnRideableMob/]: ESM - Init Rideable EntityEntity_Type and Jockey Lists...
[17May2025 00:19:43.579] [Server thread/INFO] [com.esm.nightmare.MobBehavs.SpawnRideableMob/]: Spawning Jockey at: BlockPos{x=993, y=31, z=2257}
[17May2025 00:19:56.927] [Server thread/INFO] [com.esm.nightmare.MobBehavs.SpawnRideableMob/]: ESM - Init Rideable EntityEntity_Type and Jockey Lists...
[17May2025 00:20:15.477] [Server thread/INFO] [com.esm.nightmare.MobBehavs.SpawnRideableMob/]: ESM - Init Rideable EntityEntity_Type and Jockey Lists...
[17May2025 00:20:15.477] [Server thread/INFO] [com.esm.nightmare.MobBehavs.SpawnRideableMob/]: Spawning Jockey at: BlockPos{x=1022, y=47, z=2211}
[17May2025 00:20:20.178] [Server thread/INFO] [com.esm.nightmare.MobBehavs.SpawnRideableMob/]: ESM - Init Rideable EntityEntity_Type and Jockey Lists...
[17May2025 00:20:29.430] [Server thread/INFO] [com.esm.nightmare.MobBehavs.SpawnRideableMob/]: ESM - Init Rideable EntityEntity_Type and Jockey Lists...
[17May2025 00:20:37.028] [Server thread/INFO] [com.esm.nightmare.MobBehavs.SpawnRideableMob/]: ESM - Init Rideable EntityEntity_Type and Jockey Lists...
[17May2025 00:21:01.827] [Server thread/INFO] [com.esm.nightmare.MobBehavs.SpawnRideableMob/]: ESM - Init Rideable EntityEntity_Type and Jockey Lists...
[17May2025 00:21:01.828] [Server thread/INFO] [com.esm.nightmare.MobBehavs.SpawnRideableMob/]: Spawning Jockey at: BlockPos{x=1038, y=29, z=2283}
[17May2025 00:21:01.828] [Server thread/INFO] [com.esm.nightmare.MobBehavs.SpawnRideableMob/]: ESM - Init Rideable EntityEntity_Type and Jockey Lists...
[17May2025 00:21:01.829] [Server thread/INFO] [com.esm.nightmare.MobBehavs.SpawnRideableMob/]: Spawning Jockey at: BlockPos{x=1050, y=29, z=2280}
[17May2025 00:21:08.779] [Server thread/INFO] [com.esm.nightmare.MobBehavs.SpawnRideableMob/]: ESM - Init Rideable EntityEntity_Type and Jockey Lists...
[17May2025 00:21:09.979] [Server thread/INFO] [com.esm.nightmare.MobBehavs.SpawnRideableMob/]: ESM - Init Rideable EntityEntity_Type and Jockey Lists...
[17May2025 00:21:09.980] [Server thread/INFO] [com.esm.nightmare.MobBehavs.SpawnRideableMob/]: Spawning Jockey at: BlockPos{x=1043, y=34, z=2233}
[17May2025 00:21:10.077] [Server thread/INFO] [com.esm.nightmare.MobBehavs.SpawnRideableMob/]: ESM - Init Rideable EntityEntity_Type and Jockey Lists...
[17May2025 00:21:14.178] [Server thread/INFO] [com.esm.nightmare.MobBehavs.SpawnRideableMob/]: ESM - Init Rideable EntityEntity_Type and Jockey Lists...
[17May2025 00:21:14.178] [Server thread/INFO] [com.esm.nightmare.MobBehavs.SpawnRideableMob/]: Spawning Jockey at: BlockPos{x=1006, y=35, z=2164}
[17May2025 00:21:23.478] [Server thread/INFO] [com.esm.nightmare.MobBehavs.SpawnRideableMob/]: ESM - Init Rideable EntityEntity_Type and Jockey Lists...
[17May2025 00:21:23.479] [Server thread/INFO] [com.esm.nightmare.MobBehavs.SpawnRideableMob/]: ESM - Init Rideable EntityEntity_Type and Jockey Lists...
[17May2025 00:21:43.228] [Server thread/INFO] [com.esm.nightmare.MobBehavs.SpawnRideableMob/]: ESM - Init Rideable EntityEntity_Type and Jockey Lists...
[17May2025 00:21:43.228] [Server thread/INFO] [com.esm.nightmare.MobBehavs.SpawnRideableMob/]: Spawning Jockey at: BlockPos{x=983, y=-32, z=2265}
[17May2025 00:21:44.178] [Server thread/INFO] [com.esm.nightmare.MobBehavs.SpawnRideableMob/]: ESM - Init Rideable EntityEntity_Type and Jockey Lists...
[17May2025 00:21:44.179] [Server thread/INFO] [com.esm.nightmare.MobBehavs.SpawnRideableMob/]: Spawning Jockey at: BlockPos{x=989, y=-46, z=2249}
[17May2025 00:21:54.428] [Server thread/INFO] [com.esm.nightmare.MobBehavs.SpawnRideableMob/]: ESM - Init Rideable EntityEntity_Type and Jockey Lists...
[17May2025 00:21:56.028] [Server thread/INFO] [com.esm.nightmare.MobBehavs.SpawnRideableMob/]: ESM - Init Rideable EntityEntity_Type and Jockey Lists...
[17May2025 00:21:56.028] [Server thread/INFO] [com.esm.nightmare.MobBehavs.SpawnRideableMob/]: ESM - Init Rideable EntityEntity_Type and Jockey Lists...
[17May2025 00:22:02.879] [Server thread/INFO] [com.esm.nightmare.MobBehavs.SpawnRideableMob/]: ESM - Init Rideable EntityEntity_Type and Jockey Lists...
[17May2025 00:22:10.428] [Server thread/INFO] [com.esm.nightmare.MobBehavs.SpawnRideableMob/]: ESM - Init Rideable EntityEntity_Type and Jockey Lists...
[17May2025 00:22:23.928] [Server thread/INFO] [com.esm.nightmare.MobBehavs.SpawnRideableMob/]: ESM - Init Rideable EntityEntity_Type and Jockey Lists...
[17May2025 00:22:23.928] [Server thread/INFO] [com.esm.nightmare.MobBehavs.SpawnRideableMob/]: Spawning Jockey at: BlockPos{x=1109, y=-20, z=2294}
[17May2025 00:22:25.179] [Server thread/INFO] [com.esm.nightmare.MobBehavs.SpawnRideableMob/]: ESM - Init Rideable EntityEntity_Type and Jockey Lists...
[17May2025 00:22:27.228] [Server thread/INFO] [com.esm.nightmare.MobBehavs.SpawnRideableMob/]: ESM - Init Rideable EntityEntity_Type and Jockey Lists...
[17May2025 00:22:46.378] [Server thread/INFO] [com.esm.nightmare.MobBehavs.SpawnRideableMob/]: ESM - Init Rideable EntityEntity_Type and Jockey Lists...
[17May2025 00:22:46.378] [Server thread/INFO] [com.esm.nightmare.MobBehavs.SpawnRideableMob/]: Spawning Jockey at: BlockPos{x=1072, y=9, z=2285}
[17May2025 00:22:48.679] [Server thread/INFO] [com.esm.nightmare.MobBehavs.SpawnRideableMob/]: ESM - Init Rideable EntityEntity_Type and Jockey Lists...
[17May2025 00:22:57.428] [Server thread/INFO] [com.esm.nightmare.MobBehavs.SpawnRideableMob/]: ESM - Init Rideable EntityEntity_Type and Jockey Lists...
[17May2025 00:22:57.428] [Server thread/INFO] [com.esm.nightmare.MobBehavs.SpawnRideableMob/]: Spawning Jockey at: BlockPos{x=1081, y=-6, z=2281}
[17May2025 00:22:57.877] [Server thread/INFO] [com.esm.nightmare.MobBehavs.SpawnRideableMob/]: ESM - Init Rideable EntityEntity_Type and Jockey Lists...
[17May2025 00:23:03.327] [Server thread/INFO] [com.esm.nightmare.MobBehavs.SpawnRideableMob/]: ESM - Init Rideable EntityEntity_Type and Jockey Lists...
[17May2025 00:23:36.127] [Server thread/INFO] [com.esm.nightmare.MobBehavs.SpawnRideableMob/]: ESM - Init Rideable EntityEntity_Type and Jockey Lists...
[17May2025 00:23:57.129] [Server thread/INFO] [com.esm.nightmare.MobBehavs.SpawnRideableMob/]: ESM - Init Rideable EntityEntity_Type and Jockey Lists...
[17May2025 00:24:06.728] [Server thread/INFO] [com.esm.nightmare.MobBehavs.SpawnRideableMob/]: ESM - Init Rideable EntityEntity_Type and Jockey Lists...
[17May2025 00:24:06.728] [Server thread/INFO] [com.esm.nightmare.MobBehavs.SpawnRideableMob/]: Spawning Jockey at: BlockPos{x=1029, y=-35, z=2239}
[17May2025 00:24:08.880] [Server thread/INFO] [com.esm.nightmare.MobBehavs.SpawnRideableMob/]: ESM - Init Rideable EntityEntity_Type and Jockey Lists...
[17May2025 00:24:08.929] [Server thread/INFO] [com.esm.nightmare.MobBehavs.SpawnRideableMob/]: ESM - Init Rideable EntityEntity_Type and Jockey Lists...
[17May2025 00:24:08.929] [Server thread/INFO] [com.esm.nightmare.MobBehavs.SpawnRideableMob/]: Spawning Jockey at: BlockPos{x=1128, y=30, z=2244}
[17May2025 00:24:11.128] [Server thread/INFO] [com.esm.nightmare.MobBehavs.SpawnRideableMob/]: ESM - Init Rideable EntityEntity_Type and Jockey Lists...
[17May2025 00:24:51.178] [Server thread/INFO] [com.esm.nightmare.MobBehavs.SpawnRideableMob/]: ESM - Init Rideable EntityEntity_Type and Jockey Lists...
[17May2025 00:24:58.478] [Server thread/INFO] [com.esm.nightmare.MobBehavs.SpawnRideableMob/]: ESM - Init Rideable EntityEntity_Type and Jockey Lists...
[17May2025 00:24:58.478] [Server thread/INFO] [com.esm.nightmare.MobBehavs.SpawnRideableMob/]: Spawning Jockey at: BlockPos{x=1024, y=-35, z=2238}
[17May2025 00:25:36.727] [Server thread/INFO] [com.esm.nightmare.MobBehavs.SpawnRideableMob/]: ESM - Init Rideable EntityEntity_Type and Jockey Lists...
[17May2025 00:25:43.078] [Server thread/INFO] [com.esm.nightmare.MobBehavs.SpawnRideableMob/]: ESM - Init Rideable EntityEntity_Type and Jockey Lists...
[17May2025 00:25:51.078] [Server thread/INFO] [com.esm.nightmare.MobBehavs.SpawnRideableMob/]: ESM - Init Rideable EntityEntity_Type and Jockey Lists...
[17May2025 00:25:51.078] [Server thread/INFO] [com.esm.nightmare.MobBehavs.SpawnRideableMob/]: Spawning Jockey at: BlockPos{x=1044, y=0, z=2248}
[17May2025 00:25:51.277] [Server thread/INFO] [com.esm.nightmare.MobBehavs.SpawnRideableMob/]: ESM - Init Rideable EntityEntity_Type and Jockey Lists...
[17May2025 00:26:03.628] [Server thread/INFO] [com.esm.nightmare.MobBehavs.SpawnRideableMob/]: ESM - Init Rideable EntityEntity_Type and Jockey Lists...
[17May2025 00:26:18.579] [Server thread/INFO] [com.esm.nightmare.MobBehavs.SpawnRideableMob/]: ESM - Init Rideable EntityEntity_Type and Jockey Lists...
[17May2025 00:26:23.929] [Server thread/INFO] [com.esm.nightmare.MobBehavs.SpawnRideableMob/]: ESM - Init Rideable EntityEntity_Type and Jockey Lists...
[17May2025 00:27:17.629] [Server thread/INFO] [com.esm.nightmare.MobBehavs.SpawnRideableMob/]: ESM - Init Rideable EntityEntity_Type and Jockey Lists...
[17May2025 00:27:26.328] [Server thread/INFO] [com.esm.nightmare.MobBehavs.SpawnRideableMob/]: ESM - Init Rideable EntityEntity_Type and Jockey Lists...
[17May2025 00:27:26.328] [Server thread/INFO] [com.esm.nightmare.MobBehavs.SpawnRideableMob/]: Spawning Jockey at: BlockPos{x=1069, y=3, z=2284}
[17May2025 00:28:41.328] [Server thread/INFO] [com.esm.nightmare.MobBehavs.SpawnRideableMob/]: ESM - Init Rideable EntityEntity_Type and Jockey Lists...
[17May2025 00:28:41.329] [Server thread/INFO] [com.esm.nightmare.MobBehavs.SpawnRideableMob/]: Spawning Jockey at: BlockPos{x=1037, y=22, z=2188}
[17May2025 00:28:46.084] [Server thread/INFO] [net.minecraft.server.MinecraftServer/]: Jhonxd592 has made the advancement [Ice Bucket Challenge]
[17May2025 00:28:57.528] [Server thread/INFO] [com.esm.nightmare.MobBehavs.SpawnRideableMob/]: ESM - Init Rideable EntityEntity_Type and Jockey Lists...
[17May2025 00:28:57.529] [Server thread/INFO] [com.esm.nightmare.MobBehavs.SpawnRideableMob/]: Spawning Jockey at: BlockPos{x=1027, y=-7, z=2351}
[17May2025 00:28:58.028] [Server thread/INFO] [com.esm.nightmare.MobBehavs.SpawnRideableMob/]: ESM - Init Rideable EntityEntity_Type and Jockey Lists...
[17May2025 00:28:58.028] [Server thread/INFO] [com.esm.nightmare.MobBehavs.SpawnRideableMob/]: Spawning Jockey at: BlockPos{x=1011, y=-42, z=2276}
[17May2025 00:29:15.683] [Server thread/INFO] [net.minecraft.server.MinecraftServer/]: ALEss0312 has made the advancement [Ice Bucket Challenge]
[17May2025 00:29:29.679] [Server thread/INFO] [com.esm.nightmare.MobBehavs.SpawnRideableMob/]: ESM - Init Rideable EntityEntity_Type and Jockey Lists...
[17May2025 00:29:29.679] [Server thread/INFO] [com.esm.nightmare.MobBehavs.SpawnRideableMob/]: Spawning Jockey at: BlockPos{x=1026, y=56, z=2252}
[17May2025 00:29:34.927] [Server thread/INFO] [com.esm.nightmare.MobBehavs.SpawnRideableMob/]: ESM - Init Rideable EntityEntity_Type and Jockey Lists...
[17May2025 00:29:36.628] [Server thread/INFO] [com.esm.nightmare.MobBehavs.SpawnRideableMob/]: ESM - Init Rideable EntityEntity_Type and Jockey Lists...
[17May2025 00:29:39.227] [Server thread/INFO] [com.esm.nightmare.MobBehavs.SpawnRideableMob/]: ESM - Init Rideable EntityEntity_Type and Jockey Lists...
[17May2025 00:29:39.228] [Server thread/INFO] [com.esm.nightmare.MobBehavs.SpawnRideableMob/]: Spawning Jockey at: BlockPos{x=1074, y=15, z=2240}
[17May2025 00:29:45.629] [Server thread/INFO] [com.esm.nightmare.MobBehavs.SpawnRideableMob/]: ESM - Init Rideable EntityEntity_Type and Jockey Lists...
[17May2025 00:29:45.629] [Server thread/INFO] [com.esm.nightmare.MobBehavs.SpawnRideableMob/]: Spawning Jockey at: BlockPos{x=1025, y=-39, z=2283}
[17May2025 00:29:46.527] [Server thread/INFO] [com.esm.nightmare.MobBehavs.SpawnRideableMob/]: ESM - Init Rideable EntityEntity_Type and Jockey Lists...
[17May2025 00:29:46.528] [Server thread/INFO] [com.esm.nightmare.MobBehavs.SpawnRideableMob/]: Spawning Jockey at: BlockPos{x=1014, y=39, z=2192}
[17May2025 00:29:54.980] [Server thread/INFO] [com.esm.nightmare.MobBehavs.SpawnRideableMob/]: ESM - Init Rideable EntityEntity_Type and Jockey Lists...
[17May2025 00:30:05.977] [Server thread/INFO] [com.esm.nightmare.MobBehavs.SpawnRideableMob/]: ESM - Init Rideable EntityEntity_Type and Jockey Lists...
[17May2025 00:30:06.677] [Server thread/INFO] [com.esm.nightmare.MobBehavs.SpawnRideableMob/]: ESM - Init Rideable EntityEntity_Type and Jockey Lists...
[17May2025 00:30:08.279] [Server thread/INFO] [com.esm.nightmare.MobBehavs.SpawnRideableMob/]: ESM - Init Rideable EntityEntity_Type and Jockey Lists...
[17May2025 00:30:08.279] [Server thread/INFO] [com.esm.nightmare.MobBehavs.SpawnRideableMob/]: Spawning Jockey at: BlockPos{x=1025, y=-8, z=2354}
[17May2025 00:30:12.926] [Server thread/INFO] [net.minecraft.server.MinecraftServer/]: ALEss0312 has made the advancement [Enchanter]
[17May2025 00:30:14.414] [Server thread/INFO] [net.minecraft.server.MinecraftServer/]: Jhonxd592 has made the advancement [Enchanter]
[17May2025 00:30:22.129] [Server thread/INFO] [com.esm.nightmare.MobBehavs.SpawnRideableMob/]: ESM - Init Rideable EntityEntity_Type and Jockey Lists...
[17May2025 00:30:22.129] [Server thread/INFO] [com.esm.nightmare.MobBehavs.SpawnRideableMob/]: Spawning Jockey at: BlockPos{x=997, y=24, z=2207}
[17May2025 00:30:22.228] [Server thread/INFO] [com.esm.nightmare.MobBehavs.SpawnRideableMob/]: ESM - Init Rideable EntityEntity_Type and Jockey Lists...
[17May2025 00:30:22.229] [Server thread/INFO] [com.esm.nightmare.MobBehavs.SpawnRideableMob/]: Spawning Jockey at: BlockPos{x=1048, y=-14, z=2354}
[17May2025 00:30:22.229] [Server thread/INFO] [com.esm.nightmare.MobBehavs.SpawnRideableMob/]: ESM - Init Rideable EntityEntity_Type and Jockey Lists...
[17May2025 00:30:22.229] [Server thread/INFO] [com.esm.nightmare.MobBehavs.SpawnRideableMob/]: Spawning Jockey at: BlockPos{x=1044, y=-14, z=2352}
[17May2025 00:30:41.327] [Server thread/INFO] [com.esm.nightmare.MobBehavs.SpawnRideableMob/]: ESM - Init Rideable EntityEntity_Type and Jockey Lists...
[17May2025 00:31:00.028] [Server thread/INFO] [com.esm.nightmare.MobBehavs.SpawnRideableMob/]: ESM - Init Rideable EntityEntity_Type and Jockey Lists...
[17May2025 00:31:00.028] [Server thread/INFO] [com.esm.nightmare.MobBehavs.SpawnRideableMob/]: Spawning Jockey at: BlockPos{x=1107, y=67, z=2220}
[17May2025 00:31:24.327] [Server thread/INFO] [com.esm.nightmare.MobBehavs.SpawnRideableMob/]: ESM - Init Rideable EntityEntity_Type and Jockey Lists...
[17May2025 00:31:27.327] [Server thread/INFO] [com.esm.nightmare.MobBehavs.SpawnRideableMob/]: ESM - Init Rideable EntityEntity_Type and Jockey Lists...
[17May2025 00:31:27.327] [Server thread/INFO] [com.esm.nightmare.MobBehavs.SpawnRideableMob/]: Spawning Jockey at: BlockPos{x=1001, y=31, z=2176}
[17May2025 00:31:36.479] [Server thread/INFO] [com.esm.nightmare.MobBehavs.SpawnRideableMob/]: ESM - Init Rideable EntityEntity_Type and Jockey Lists...
[17May2025 00:31:40.478] [Server thread/INFO] [com.esm.nightmare.MobBehavs.SpawnRideableMob/]: ESM - Init Rideable EntityEntity_Type and Jockey Lists...
[17May2025 00:31:40.479] [Server thread/INFO] [com.esm.nightmare.MobBehavs.SpawnRideableMob/]: Spawning Jockey at: BlockPos{x=948, y=-32, z=2251}
[17May2025 00:31:43.278] [Server thread/INFO] [com.esm.nightmare.MobBehavs.SpawnRideableMob/]: ESM - Init Rideable EntityEntity_Type and Jockey Lists...
[17May2025 00:31:45.079] [Server thread/INFO] [com.esm.nightmare.MobBehavs.SpawnRideableMob/]: ESM - Init Rideable EntityEntity_Type and Jockey Lists...
[17May2025 00:31:50.327] [Server thread/INFO] [com.esm.nightmare.MobBehavs.SpawnRideableMob/]: ESM - Init Rideable EntityEntity_Type and Jockey Lists...
[17May2025 00:31:50.328] [Server thread/INFO] [com.esm.nightmare.MobBehavs.SpawnRideableMob/]: ESM - Init Rideable EntityEntity_Type and Jockey Lists...
[17May2025 00:32:05.779] [Server thread/INFO] [com.esm.nightmare.MobBehavs.SpawnRideableMob/]: ESM - Init Rideable EntityEntity_Type and Jockey Lists...
[17May2025 00:32:05.779] [Server thread/INFO] [com.esm.nightmare.MobBehavs.SpawnRideableMob/]: Spawning Jockey at: BlockPos{x=1117, y=26, z=2291}
[17May2025 00:32:08.378] [Server thread/INFO] [com.esm.nightmare.MobBehavs.SpawnRideableMob/]: ESM - Init Rideable EntityEntity_Type and Jockey Lists...
[17May2025 00:32:08.378] [Server thread/INFO] [com.esm.nightmare.MobBehavs.SpawnRideableMob/]: Spawning Jockey at: BlockPos{x=1013, y=-5, z=2375}
[17May2025 00:32:15.979] [Server thread/INFO] [com.esm.nightmare.MobBehavs.SpawnRideableMob/]: ESM - Init Rideable EntityEntity_Type and Jockey Lists...
[17May2025 00:32:17.629] [Server thread/INFO] [com.esm.nightmare.MobBehavs.SpawnRideableMob/]: ESM - Init Rideable EntityEntity_Type and Jockey Lists...
[17May2025 00:32:17.629] [Server thread/INFO] [com.esm.nightmare.MobBehavs.SpawnRideableMob/]: ESM - Init Rideable EntityEntity_Type and Jockey Lists...
[17May2025 00:32:23.027] [Server thread/INFO] [com.esm.nightmare.MobBehavs.SpawnRideableMob/]: ESM - Init Rideable EntityEntity_Type and Jockey Lists...
[17May2025 00:32:23.028] [Server thread/INFO] [com.esm.nightmare.MobBehavs.SpawnRideableMob/]: Spawning Jockey at: BlockPos{x=960, y=64, z=2198}
[17May2025 00:32:23.028] [Server thread/INFO] [com.esm.nightmare.MobBehavs.SpawnRideableMob/]: ESM - Init Rideable EntityEntity_Type and Jockey Lists...
[17May2025 00:32:23.028] [Server thread/INFO] [com.esm.nightmare.MobBehavs.SpawnRideableMob/]: Spawning Jockey at: BlockPos{x=962, y=64, z=2199}
[17May2025 00:32:26.029] [Server thread/INFO] [com.esm.nightmare.MobBehavs.SpawnRideableMob/]: ESM - Init Rideable EntityEntity_Type and Jockey Lists...
[17May2025 00:32:27.527] [Server thread/INFO] [com.esm.nightmare.MobBehavs.SpawnRideableMob/]: ESM - Init Rideable EntityEntity_Type and Jockey Lists...
[17May2025 00:32:27.528] [Server thread/INFO] [com.esm.nightmare.MobBehavs.SpawnRideableMob/]: ESM - Init Rideable EntityEntity_Type and Jockey Lists...
[17May2025 00:32:27.528] [Server thread/INFO] [com.esm.nightmare.MobBehavs.SpawnRideableMob/]: Spawning Jockey at: BlockPos{x=1056, y=64, z=2246}
[17May2025 00:32:35.629] [Server thread/INFO] [com.esm.nightmare.MobBehavs.SpawnRideableMob/]: ESM - Init Rideable EntityEntity_Type and Jockey Lists...
[17May2025 00:32:35.629] [Server thread/INFO] [com.esm.nightmare.MobBehavs.SpawnRideableMob/]: Spawning Jockey at: BlockPos{x=992, y=-4, z=2199}
[17May2025 00:32:35.629] [Server thread/INFO] [com.esm.nightmare.MobBehavs.SpawnRideableMob/]: ESM - Init Rideable EntityEntity_Type and Jockey Lists...
[17May2025 00:32:35.629] [Server thread/INFO] [com.esm.nightmare.MobBehavs.SpawnRideableMob/]: Spawning Jockey at: BlockPos{x=992, y=-4, z=2199}
[17May2025 00:32:35.778] [Server thread/INFO] [com.esm.nightmare.MobBehavs.SpawnRideableMob/]: ESM - Init Rideable EntityEntity_Type and Jockey Lists...
[17May2025 00:32:35.778] [Server thread/INFO] [com.esm.nightmare.MobBehavs.SpawnRideableMob/]: Spawning Jockey at: BlockPos{x=1013, y=30, z=2182}
[17May2025 00:32:35.779] [Server thread/INFO] [com.esm.nightmare.MobBehavs.SpawnRideableMob/]: ESM - Init Rideable EntityEntity_Type and Jockey Lists...
[17May2025 00:32:35.779] [Server thread/INFO] [com.esm.nightmare.MobBehavs.SpawnRideableMob/]: Spawning Jockey at: BlockPos{x=1006, y=30, z=2178}
[17May2025 00:32:41.578] [Server thread/INFO] [com.esm.nightmare.MobBehavs.SpawnRideableMob/]: ESM - Init Rideable EntityEntity_Type and Jockey Lists...
[17May2025 00:32:41.578] [Server thread/INFO] [com.esm.nightmare.MobBehavs.SpawnRideableMob/]: Spawning Jockey at: BlockPos{x=1034, y=-33, z=2237}
[17May2025 00:32:57.828] [Server thread/INFO] [com.esm.nightmare.MobBehavs.SpawnRideableMob/]: ESM - Init Rideable EntityEntity_Type and Jockey Lists...
[17May2025 00:32:57.828] [Server thread/INFO] [com.esm.nightmare.MobBehavs.SpawnRideableMob/]: Spawning Jockey at: BlockPos{x=1101, y=-42, z=2279}
[17May2025 00:33:09.628] [Server thread/INFO] [com.esm.nightmare.MobBehavs.SpawnRideableMob/]: ESM - Init Rideable EntityEntity_Type and Jockey Lists...
[17May2025 00:33:09.628] [Server thread/INFO] [com.esm.nightmare.MobBehavs.SpawnRideableMob/]: Spawning Jockey at: BlockPos{x=1047, y=55, z=2192}
[17May2025 00:33:30.978] [Server thread/INFO] [com.esm.nightmare.MobBehavs.SpawnRideableMob/]: ESM - Init Rideable EntityEntity_Type and Jockey Lists...
[17May2025 00:33:30.979] [Server thread/INFO] [com.esm.nightmare.MobBehavs.SpawnRideableMob/]: Spawning Jockey at: BlockPos{x=1019, y=-39, z=2273}
[17May2025 00:33:34.328] [Server thread/INFO] [com.esm.nightmare.MobBehavs.SpawnRideableMob/]: ESM - Init Rideable EntityEntity_Type and Jockey Lists...
[17May2025 00:33:35.928] [Server thread/INFO] [com.esm.nightmare.MobBehavs.SpawnRideableMob/]: ESM - Init Rideable EntityEntity_Type and Jockey Lists...
[17May2025 00:33:38.579] [Server thread/INFO] [com.esm.nightmare.MobBehavs.SpawnRideableMob/]: ESM - Init Rideable EntityEntity_Type and Jockey Lists...
[17May2025 00:33:47.078] [Server thread/INFO] [com.esm.nightmare.MobBehavs.SpawnRideableMob/]: ESM - Init Rideable EntityEntity_Type and Jockey Lists...
[17May2025 00:33:47.927] [Server thread/INFO] [com.esm.nightmare.MobBehavs.SpawnRideableMob/]: ESM - Init Rideable EntityEntity_Type and Jockey Lists...
[17May2025 00:33:57.778] [Server thread/INFO] [com.esm.nightmare.MobBehavs.SpawnRideableMob/]: ESM - Init Rideable EntityEntity_Type and Jockey Lists...
[17May2025 00:33:57.778] [Server thread/INFO] [com.esm.nightmare.MobBehavs.SpawnRideableMob/]: Spawning Jockey at: BlockPos{x=958, y=-21, z=2340}
[17May2025 00:33:57.877] [Server thread/INFO] [com.esm.nightmare.MobBehavs.SpawnRideableMob/]: ESM - Init Rideable EntityEntity_Type and Jockey Lists...
[17May2025 00:33:57.878] [Server thread/INFO] [com.esm.nightmare.MobBehavs.SpawnRideableMob/]: ESM - Init Rideable EntityEntity_Type and Jockey Lists...
[17May2025 00:34:20.429] [Server thread/INFO] [com.esm.nightmare.MobBehavs.SpawnRideableMob/]: ESM - Init Rideable EntityEntity_Type and Jockey Lists...
[17May2025 00:34:34.832] [Server thread/INFO] [net.minecraft.server.network.ServerGamePacketListenerImpl/]: Jhonxd592 lost connection: Disconnected
[17May2025 00:34:34.832] [Server thread/INFO] [net.minecraft.server.MinecraftServer/]: Jhonxd592 left the game
[17May2025 00:34:34.930] [Server thread/INFO] [com.esm.nightmare.MobBehavs.SpawnRideableMob/]: ESM - Init Rideable EntityEntity_Type and Jockey Lists...
[17May2025 00:34:41.383] [Server thread/INFO] [net.minecraft.server.network.ServerGamePacketListenerImpl/]: ALEss0312 lost connection: Disconnected
[17May2025 00:34:41.384] [Server thread/INFO] [net.minecraft.server.MinecraftServer/]: ALEss0312 left the game
[17May2025 00:35:08.178] [Server thread/INFO] [net.minecraft.server.MinecraftServer/]: Stopping server
[17May2025 00:35:08.178] [Server thread/INFO] [net.minecraft.server.MinecraftServer/]: Saving players
[17May2025 00:35:08.178] [Server thread/INFO] [net.minecraft.server.MinecraftServer/]: Saving worlds
[17May2025 00:35:08.208] [Server thread/INFO] [net.minecraft.server.MinecraftServer/]: Saving chunks for level 'ServerLevel[world]'/minecraft:overworld
[17May2025 00:35:08.263] [Server thread/INFO] [net.minecraft.server.MinecraftServer/]: Saving chunks for level 'ServerLevel[world]'/minecraft:the_end
[17May2025 00:35:08.264] [Server thread/INFO] [net.minecraft.server.MinecraftServer/]: Saving chunks for level 'ServerLevel[world]'/mofus_better_end_:broken_constellation
[17May2025 00:35:08.303] [Server thread/INFO] [net.minecraft.server.MinecraftServer/]: ThreadedAnvilChunkStorage (world): All chunks are saved
[17May2025 00:35:08.303] [Server thread/INFO] [net.minecraft.server.MinecraftServer/]: ThreadedAnvilChunkStorage (DIM1): All chunks are saved
[17May2025 00:35:08.303] [Server thread/INFO] [net.minecraft.server.MinecraftServer/]: ThreadedAnvilChunkStorage (broken_constellation): All chunks are saved
[17May2025 00:35:08.303] [Server thread/INFO] [net.minecraft.server.MinecraftServer/]: ThreadedAnvilChunkStorage: All dimensions are saved
[17May2025 00:35:08.348] [Server thread/INFO] [journeymap/]: Loading JourneyMap Forge Configs
